\BOOKMARK [0][]{chapter*.1}{\376\377\000D\000e\000c\000l\000a\000r\000a\000t\000i\000o\000n}{}% 1
\BOOKMARK [0][]{chapter*.2}{\376\377\000S\000u\000p\000e\000r\000v\000i\000s\000o\000r\000'\000s\000\040\000R\000e\000c\000o\000m\000m\000e\000n\000d\000a\000t\000i\000o\000n}{}% 2
\BOOKMARK [0][]{chapter*.3}{\376\377\000C\000e\000r\000t\000i\000f\000i\000c\000a\000t\000e\000\040\000o\000f\000\040\000A\000c\000c\000e\000p\000t\000a\000n\000c\000e}{}% 3
\BOOKMARK [0][]{chapter*.4}{\376\377\000D\000e\000d\000i\000c\000a\000t\000i\000o\000n}{}% 4
\BOOKMARK [0][]{chapter*.5}{\376\377\000A\000c\000k\000n\000o\000w\000l\000e\000d\000g\000m\000e\000n\000t}{}% 5
\BOOKMARK [0][]{chapter*.6}{\376\377\000E\000t\000h\000i\000c\000a\000l\000\040\000S\000t\000a\000t\000e\000m\000e\000n\000t}{}% 6
\BOOKMARK [0][]{chapter*.7}{\376\377\000C\000o\000n\000t\000e\000n\000t\000\040\000W\000a\000r\000n\000i\000n\000g}{}% 7
\BOOKMARK [0][]{chapter*.8}{\376\377\000A\000b\000s\000t\000r\000a\000c\000t}{}% 8
\BOOKMARK [0][]{chapter*.8}{\376\377\000T\000a\000b\000l\000e\000\040\000o\000f\000\040\000C\000o\000n\000t\000e\000n\000t\000s}{}% 9
\BOOKMARK [0][]{chapter*.8}{\376\377\000L\000i\000s\000t\000\040\000o\000f\000\040\000F\000i\000g\000u\000r\000e\000s}{}% 10
\BOOKMARK [0][]{chapter*.8}{\376\377\000L\000i\000s\000t\000\040\000o\000f\000\040\000T\000a\000b\000l\000e\000s}{}% 11
\BOOKMARK [0][]{chapter.1}{\376\377\000I\000n\000t\000r\000o\000d\000u\000c\000t\000i\000o\000n}{}% 12
\BOOKMARK [1][]{section.1.1}{\376\377\000O\000v\000e\000r\000v\000i\000e\000w}{chapter.1}% 13
\BOOKMARK [1][]{section.1.2}{\376\377\000M\000o\000t\000i\000v\000a\000t\000i\000o\000n\000\040\000a\000n\000d\000\040\000R\000e\000s\000e\000a\000r\000c\000h\000\040\000P\000r\000o\000b\000l\000e\000m}{chapter.1}% 14
\BOOKMARK [1][]{section.1.3}{\376\377\000R\000e\000s\000e\000a\000r\000c\000h\000\040\000O\000b\000j\000e\000c\000t\000i\000v\000e\000s}{chapter.1}% 15
\BOOKMARK [1][]{section.1.4}{\376\377\000R\000e\000s\000e\000a\000r\000c\000h\000\040\000Q\000u\000e\000s\000t\000i\000o\000n\000s}{chapter.1}% 16
\BOOKMARK [2][]{subsection.1.4.1}{\376\377\000R\000Q\0001\000:\000\040\000C\000o\000d\000e\000-\000M\000i\000x\000i\000n\000g\000\040\000E\000f\000f\000e\000c\000t\000i\000v\000e\000n\000e\000s\000s}{section.1.4}% 17
\BOOKMARK [2][]{subsection.1.4.2}{\376\377\000R\000Q\0002\000:\000\040\000B\000a\000n\000g\000l\000a\000-\000S\000p\000e\000c\000i\000f\000i\000c\000\040\000P\000a\000t\000t\000e\000r\000n\000s}{section.1.4}% 18
\BOOKMARK [2][]{subsection.1.4.3}{\376\377\000R\000Q\0003\000:\000\040\000M\000o\000d\000e\000l\000\040\000V\000u\000l\000n\000e\000r\000a\000b\000i\000l\000i\000t\000y}{section.1.4}% 19
\BOOKMARK [2][]{subsection.1.4.4}{\376\377\000R\000Q\0004\000:\000\040\000T\000o\000k\000e\000n\000i\000z\000a\000t\000i\000o\000n\000\040\000M\000e\000c\000h\000a\000n\000i\000s\000m}{section.1.4}% 20
\BOOKMARK [1][]{section.1.5}{\376\377\000C\000o\000n\000t\000r\000i\000b\000u\000t\000i\000o\000n\000s}{chapter.1}% 21
\BOOKMARK [1][]{section.1.6}{\376\377\000T\000h\000e\000s\000i\000s\000\040\000O\000r\000g\000a\000n\000i\000z\000a\000t\000i\000o\000n}{chapter.1}% 22
\BOOKMARK [0][]{chapter.2}{\376\377\000B\000a\000c\000k\000g\000r\000o\000u\000n\000d\000\040\000a\000n\000d\000\040\000R\000e\000l\000a\000t\000e\000d\000\040\000W\000o\000r\000k}{}% 23
\BOOKMARK [1][]{section.2.1}{\376\377\000L\000a\000r\000g\000e\000\040\000L\000a\000n\000g\000u\000a\000g\000e\000\040\000M\000o\000d\000e\000l\000s\000\040\000a\000n\000d\000\040\000S\000a\000f\000e\000t\000y\000\040\000A\000l\000i\000g\000n\000m\000e\000n\000t}{chapter.2}% 24
\BOOKMARK [2][]{subsection.2.1.1}{\376\377\000E\000v\000o\000l\000u\000t\000i\000o\000n\000\040\000o\000f\000\040\000L\000L\000M\000s}{section.2.1}% 25
\BOOKMARK [2][]{subsection.2.1.2}{\376\377\000S\000a\000f\000e\000t\000y\000\040\000A\000l\000i\000g\000n\000m\000e\000n\000t\000\040\000T\000e\000c\000h\000n\000i\000q\000u\000e\000s}{section.2.1}% 26
\BOOKMARK [1][]{section.2.2}{\376\377\000J\000a\000i\000l\000b\000r\000e\000a\000k\000i\000n\000g\000\040\000a\000n\000d\000\040\000A\000d\000v\000e\000r\000s\000a\000r\000i\000a\000l\000\040\000A\000t\000t\000a\000c\000k\000s\000\040\000o\000n\000\040\000L\000L\000M\000s}{chapter.2}% 27
\BOOKMARK [2][]{subsection.2.2.1}{\376\377\000J\000a\000i\000l\000b\000r\000e\000a\000k\000i\000n\000g\000\040\000T\000a\000x\000o\000n\000o\000m\000y}{section.2.2}% 28
\BOOKMARK [2][]{subsection.2.2.2}{\376\377\000S\000u\000c\000c\000e\000s\000s\000\040\000M\000e\000t\000r\000i\000c\000s}{section.2.2}% 29
\BOOKMARK [1][]{section.2.3}{\376\377\000C\000o\000d\000e\000-\000M\000i\000x\000i\000n\000g\000\040\000i\000n\000\040\000N\000a\000t\000u\000r\000a\000l\000\040\000L\000a\000n\000g\000u\000a\000g\000e\000\040\000P\000r\000o\000c\000e\000s\000s\000i\000n\000g}{chapter.2}% 30
\BOOKMARK [2][]{subsection.2.3.1}{\376\377\000D\000e\000f\000i\000n\000i\000t\000i\000o\000n\000\040\000a\000n\000d\000\040\000P\000r\000e\000v\000a\000l\000e\000n\000c\000e}{section.2.3}% 31
\BOOKMARK [2][]{subsection.2.3.2}{\376\377\000R\000o\000m\000a\000n\000i\000z\000a\000t\000i\000o\000n\000\040\000C\000h\000a\000l\000l\000e\000n\000g\000e\000s}{section.2.3}% 32
\BOOKMARK [1][]{section.2.4}{\376\377\000P\000h\000o\000n\000e\000t\000i\000c\000\040\000P\000e\000r\000t\000u\000r\000b\000a\000t\000i\000o\000n\000s}{chapter.2}% 33
\BOOKMARK [2][]{subsection.2.4.1}{\376\377\000D\000e\000f\000i\000n\000i\000t\000i\000o\000n\000\040\000a\000n\000d\000\040\000A\000p\000p\000l\000i\000c\000a\000t\000i\000o\000n\000s}{section.2.4}% 34
\BOOKMARK [2][]{subsection.2.4.2}{\376\377\000T\000o\000k\000e\000n\000i\000z\000a\000t\000i\000o\000n\000\040\000I\000m\000p\000a\000c\000t}{section.2.4}% 35
\BOOKMARK [1][]{section.2.5}{\376\377\000M\000u\000l\000t\000i\000l\000i\000n\000g\000u\000a\000l\000\040\000L\000L\000M\000\040\000S\000a\000f\000e\000t\000y}{chapter.2}% 36
\BOOKMARK [2][]{subsection.2.5.1}{\376\377\000E\000n\000g\000l\000i\000s\000h\000-\000C\000e\000n\000t\000r\000i\000c\000\040\000S\000a\000f\000e\000t\000y\000\040\000T\000r\000a\000i\000n\000i\000n\000g}{section.2.5}% 37
\BOOKMARK [2][]{subsection.2.5.2}{\376\377\000C\000r\000o\000s\000s\000-\000L\000i\000n\000g\000u\000a\000l\000\040\000S\000a\000f\000e\000t\000y\000\040\000E\000v\000a\000l\000u\000a\000t\000i\000o\000n}{section.2.5}% 38
\BOOKMARK [2][]{subsection.2.5.3}{\376\377\000H\000i\000n\000g\000l\000i\000s\000h\000\040\000C\000o\000d\000e\000-\000M\000i\000x\000i\000n\000g\000\040\000A\000t\000t\000a\000c\000k\000s}{section.2.5}% 39
\BOOKMARK [1][]{section.2.6}{\376\377\000T\000o\000k\000e\000n\000i\000z\000a\000t\000i\000o\000n\000\040\000a\000n\000d\000\040\000S\000u\000b\000w\000o\000r\000d\000\040\000S\000e\000g\000m\000e\000n\000t\000a\000t\000i\000o\000n}{chapter.2}% 40
\BOOKMARK [2][]{subsection.2.6.1}{\376\377\000B\000y\000t\000e\000-\000P\000a\000i\000r\000\040\000E\000n\000c\000o\000d\000i\000n\000g\000\040\000\050\000B\000P\000E\000\051}{section.2.6}% 41
\BOOKMARK [2][]{subsection.2.6.2}{\376\377\000I\000m\000p\000l\000i\000c\000a\000t\000i\000o\000n\000s\000\040\000f\000o\000r\000\040\000C\000o\000d\000e\000-\000M\000i\000x\000i\000n\000g}{section.2.6}% 42
\BOOKMARK [1][]{section.2.7}{\376\377\000S\000u\000m\000m\000a\000r\000y}{chapter.2}% 43
\BOOKMARK [0][]{chapter.3}{\376\377\000M\000e\000t\000h\000o\000d\000o\000l\000o\000g\000y}{}% 44
\BOOKMARK [1][]{section.3.1}{\376\377\000O\000v\000e\000r\000v\000i\000e\000w}{chapter.3}% 45
\BOOKMARK [1][]{section.3.2}{\376\377\000T\000h\000r\000e\000e\000-\000S\000t\000e\000p\000\040\000P\000r\000o\000m\000p\000t\000\040\000G\000e\000n\000e\000r\000a\000t\000i\000o\000n}{chapter.3}% 46
\BOOKMARK [2][]{subsection.3.2.1}{\376\377\000S\000t\000e\000p\000\040\0001\000:\000\040\000E\000n\000g\000l\000i\000s\000h\000\040\000B\000a\000s\000e\000l\000i\000n\000e\000\040\000C\000r\000e\000a\000t\000i\000o\000n}{section.3.2}% 47
\BOOKMARK [2][]{subsection.3.2.2}{\376\377\000S\000t\000e\000p\000\040\0002\000:\000\040\000C\000o\000d\000e\000-\000M\000i\000x\000i\000n\000g\000\040\000\050\000C\000M\000\051}{section.3.2}% 48
\BOOKMARK [2][]{subsection.3.2.3}{\376\377\000S\000t\000e\000p\000\040\0003\000:\000\040\000P\000h\000o\000n\000e\000t\000i\000c\000\040\000P\000e\000r\000t\000u\000r\000b\000a\000t\000i\000o\000n\000s\000\040\000\050\000C\000M\000P\000\051}{section.3.2}% 49
\BOOKMARK [1][]{section.3.3}{\376\377\000J\000a\000i\000l\000b\000r\000e\000a\000k\000\040\000T\000e\000m\000p\000l\000a\000t\000e\000s}{chapter.3}% 50
\BOOKMARK [2][]{subsection.3.3.1}{\376\377\000T\000e\000m\000p\000l\000a\000t\000e\000\040\0001\000:\000\040\000N\000o\000n\000e\000\040\000\050\000B\000a\000s\000e\000l\000i\000n\000e\000\051}{section.3.3}% 51
\BOOKMARK [2][]{subsection.3.3.2}{\376\377\000T\000e\000m\000p\000l\000a\000t\000e\000\040\0002\000:\000\040\000O\000p\000p\000o\000s\000i\000t\000e\000\040\000M\000o\000d\000e\000\040\000\050\000O\000M\000\051}{section.3.3}% 52
\BOOKMARK [2][]{subsection.3.3.3}{\376\377\000T\000e\000m\000p\000l\000a\000t\000e\000\040\0003\000:\000\040\000A\000n\000t\000i\000L\000M}{section.3.3}% 53
\BOOKMARK [2][]{subsection.3.3.4}{\376\377\000T\000e\000m\000p\000l\000a\000t\000e\000\040\0004\000:\000\040\000A\000I\000M\000\040\000\050\000A\000l\000w\000a\000y\000s\000\040\000I\000n\000t\000e\000l\000l\000i\000g\000e\000n\000t\000\040\000a\000n\000d\000\040\000M\000a\000c\000h\000i\000a\000v\000e\000l\000l\000i\000a\000n\000\051}{section.3.3}% 54
\BOOKMARK [2][]{subsection.3.3.5}{\376\377\000T\000e\000m\000p\000l\000a\000t\000e\000\040\0005\000:\000\040\000S\000a\000n\000d\000b\000o\000x\000\040\000\050\000N\000o\000v\000e\000l\000\051}{section.3.3}% 55
\BOOKMARK [1][]{section.3.4}{\376\377\000E\000x\000p\000e\000r\000i\000m\000e\000n\000t\000a\000l\000\040\000D\000e\000s\000i\000g\000n}{chapter.3}% 56
\BOOKMARK [2][]{subsection.3.4.1}{\376\377\000F\000a\000c\000t\000o\000r\000i\000a\000l\000\040\000D\000e\000s\000i\000g\000n}{section.3.4}% 57
\BOOKMARK [2][]{subsection.3.4.2}{\376\377\000T\000e\000m\000p\000e\000r\000a\000t\000u\000r\000e\000\040\000S\000e\000t\000t\000i\000n\000g\000s}{section.3.4}% 58
\BOOKMARK [1][]{section.3.5}{\376\377\000E\000v\000a\000l\000u\000a\000t\000i\000o\000n\000\040\000M\000e\000t\000h\000o\000d\000o\000l\000o\000g\000y}{chapter.3}% 59
\BOOKMARK [2][]{subsection.3.5.1}{\376\377\000L\000L\000M\000-\000a\000s\000-\000J\000u\000d\000g\000e\000\040\000A\000p\000p\000r\000o\000a\000c\000h}{section.3.5}% 60
\BOOKMARK [2][]{subsection.3.5.2}{\376\377\000M\000e\000t\000r\000i\000c\000s\000\040\000C\000a\000l\000c\000u\000l\000a\000t\000i\000o\000n}{section.3.5}% 61
\BOOKMARK [2][]{subsection.3.5.3}{\376\377\000S\000t\000a\000t\000i\000s\000t\000i\000c\000a\000l\000\040\000V\000a\000l\000i\000d\000a\000t\000i\000o\000n}{section.3.5}% 62
\BOOKMARK [1][]{section.3.6}{\376\377\000I\000n\000t\000e\000r\000p\000r\000e\000t\000a\000b\000i\000l\000i\000t\000y\000\040\000A\000n\000a\000l\000y\000s\000i\000s}{chapter.3}% 63
\BOOKMARK [2][]{subsection.3.6.1}{\376\377\000T\000o\000k\000e\000n\000i\000z\000a\000t\000i\000o\000n\000\040\000S\000t\000u\000d\000y}{section.3.6}% 64
\BOOKMARK [1][]{section.3.7}{\376\377\000S\000u\000m\000m\000a\000r\000y}{chapter.3}% 65
\BOOKMARK [0][]{chapter.4}{\376\377\000E\000x\000p\000e\000r\000i\000m\000e\000n\000t\000a\000l\000\040\000S\000e\000t\000u\000p}{}% 66
\BOOKMARK [1][]{section.4.1}{\376\377\000M\000o\000d\000e\000l\000s\000\040\000E\000v\000a\000l\000u\000a\000t\000i\000o\000n}{chapter.4}% 67
\BOOKMARK [2][]{subsection.4.1.1}{\376\377\000G\000P\000T\000-\0004\000o\000-\000m\000i\000n\000i\000\040\000\050\000O\000p\000e\000n\000A\000I\000\051}{section.4.1}% 68
\BOOKMARK [2][]{subsection.4.1.2}{\376\377\000L\000l\000a\000m\000a\000-\0003\000-\0008\000B\000-\000I\000n\000s\000t\000r\000u\000c\000t\000\040\000\050\000M\000e\000t\000a\000\051}{section.4.1}% 69
\BOOKMARK [2][]{subsection.4.1.3}{\376\377\000M\000i\000s\000t\000r\000a\000l\000-\0007\000B\000-\000I\000n\000s\000t\000r\000u\000c\000t\000-\000v\0000\000.\0003\000\040\000\050\000M\000i\000s\000t\000r\000a\000l\000\040\000A\000I\000\051}{section.4.1}% 70
\BOOKMARK [1][]{section.4.2}{\376\377\000D\000a\000t\000a\000s\000e\000t\000\040\000S\000t\000a\000t\000i\000s\000t\000i\000c\000s}{chapter.4}% 71
\BOOKMARK [2][]{subsection.4.2.1}{\376\377\000P\000r\000o\000m\000p\000t\000\040\000D\000i\000s\000t\000r\000i\000b\000u\000t\000i\000o\000n}{section.4.2}% 72
\BOOKMARK [2][]{subsection.4.2.2}{\376\377\000P\000r\000o\000m\000p\000t\000\040\000S\000e\000t\000\040\000S\000t\000a\000t\000i\000s\000t\000i\000c\000s}{section.4.2}% 73
\BOOKMARK [1][]{section.4.3}{\376\377\000E\000x\000e\000c\000u\000t\000i\000o\000n\000\040\000E\000n\000v\000i\000r\000o\000n\000m\000e\000n\000t}{chapter.4}% 74
\BOOKMARK [2][]{subsection.4.3.1}{\376\377\000A\000P\000I\000\040\000C\000o\000n\000f\000i\000g\000u\000r\000a\000t\000i\000o\000n}{section.4.3}% 75
\BOOKMARK [2][]{subsection.4.3.2}{\376\377\000C\000o\000s\000t\000\040\000A\000n\000a\000l\000y\000s\000i\000s}{section.4.3}% 76
\BOOKMARK [1][]{section.4.4}{\376\377\000E\000v\000a\000l\000u\000a\000t\000i\000o\000n\000\040\000C\000o\000n\000f\000i\000g\000u\000r\000a\000t\000i\000o\000n}{chapter.4}% 77
\BOOKMARK [2][]{subsection.4.4.1}{\376\377\000J\000u\000d\000g\000e\000\040\000M\000o\000d\000e\000l}{section.4.4}% 78
\BOOKMARK [1][]{section.4.5}{\376\377\000S\000t\000a\000t\000i\000s\000t\000i\000c\000a\000l\000\040\000A\000n\000a\000l\000y\000s\000i\000s\000\040\000T\000o\000o\000l\000s}{chapter.4}% 79
\BOOKMARK [2][]{subsection.4.5.1}{\376\377\000D\000e\000s\000c\000r\000i\000p\000t\000i\000v\000e\000\040\000S\000t\000a\000t\000i\000s\000t\000i\000c\000s}{section.4.5}% 80
\BOOKMARK [2][]{subsection.4.5.2}{\376\377\000I\000n\000f\000e\000r\000e\000n\000t\000i\000a\000l\000\040\000S\000t\000a\000t\000i\000s\000t\000i\000c\000s}{section.4.5}% 81
\BOOKMARK [1][]{section.4.6}{\376\377\000R\000e\000p\000r\000o\000d\000u\000c\000i\000b\000i\000l\000i\000t\000y}{chapter.4}% 82
\BOOKMARK [2][]{subsection.4.6.1}{\376\377\000D\000a\000t\000a\000\040\000P\000r\000e\000s\000e\000r\000v\000a\000t\000i\000o\000n}{section.4.6}% 83
\BOOKMARK [2][]{subsection.4.6.2}{\376\377\000C\000o\000d\000e\000\040\000A\000v\000a\000i\000l\000a\000b\000i\000l\000i\000t\000y}{section.4.6}% 84
\BOOKMARK [1][]{section.4.7}{\376\377\000S\000a\000m\000p\000l\000e\000\040\000P\000r\000o\000m\000p\000t\000s\000\040\000a\000n\000d\000\040\000T\000r\000a\000n\000s\000f\000o\000r\000m\000a\000t\000i\000o\000n\000s}{chapter.4}% 85
\BOOKMARK [2][]{subsection.4.7.1}{\376\377\000E\000x\000a\000m\000p\000l\000e\000\040\0001\000:\000\040\000H\000a\000t\000e\000\040\000S\000p\000e\000e\000c\000h\000\040\000C\000a\000t\000e\000g\000o\000r\000y}{section.4.7}% 86
\BOOKMARK [2][]{subsection.4.7.2}{\376\377\000E\000x\000a\000m\000p\000l\000e\000\040\0002\000:\000\040\000I\000l\000l\000e\000g\000a\000l\000\040\000A\000c\000t\000i\000v\000i\000t\000i\000e\000s\000\040\000C\000a\000t\000e\000g\000o\000r\000y}{section.4.7}% 87
\BOOKMARK [2][]{subsection.4.7.3}{\376\377\000M\000o\000d\000e\000l\000\040\000R\000e\000s\000p\000o\000n\000s\000e\000\040\000E\000x\000a\000m\000p\000l\000e\000s}{section.4.7}% 88
\BOOKMARK [1][]{section.4.8}{\376\377\000C\000o\000n\000f\000i\000g\000u\000r\000a\000t\000i\000o\000n\000\040\000D\000e\000t\000a\000i\000l\000s}{chapter.4}% 89
\BOOKMARK [2][]{subsection.4.8.1}{\376\377\000M\000a\000i\000n\000\040\000E\000x\000p\000e\000r\000i\000m\000e\000n\000t\000\040\000C\000o\000n\000f\000i\000g\000u\000r\000a\000t\000i\000o\000n}{section.4.8}% 90
\BOOKMARK [2][]{subsection.4.8.2}{\376\377\000M\000o\000d\000e\000l\000\040\000S\000p\000e\000c\000i\000f\000i\000c\000a\000t\000i\000o\000n\000s}{section.4.8}% 91
\BOOKMARK [2][]{subsection.4.8.3}{\376\377\000T\000e\000m\000p\000l\000a\000t\000e\000\040\000I\000m\000p\000l\000e\000m\000e\000n\000t\000a\000t\000i\000o\000n\000s}{section.4.8}% 92
\BOOKMARK [2][]{subsection.4.8.4}{\376\377\000E\000v\000a\000l\000u\000a\000t\000i\000o\000n\000\040\000R\000u\000b\000r\000i\000c\000s}{section.4.8}% 93
\BOOKMARK [1][]{section.4.9}{\376\377\000S\000u\000m\000m\000a\000r\000y}{chapter.4}% 94
\BOOKMARK [0][]{chapter.5}{\376\377\000R\000e\000s\000u\000l\000t\000s\000\040\000a\000n\000d\000\040\000D\000i\000s\000c\000u\000s\000s\000i\000o\000n}{}% 95
\BOOKMARK [1][]{section.5.1}{\376\377\000R\000Q\0001\000:\000\040\000C\000o\000d\000e\000-\000M\000i\000x\000i\000n\000g\000\040\000E\000f\000f\000e\000c\000t\000i\000v\000e\000n\000e\000s\000s\000\040\000A\000n\000a\000l\000y\000s\000i\000s}{chapter.5}% 96
\BOOKMARK [2][]{subsection.5.1.1}{\376\377\000O\000v\000e\000r\000a\000l\000l\000\040\000A\000t\000t\000a\000c\000k\000\040\000S\000u\000c\000c\000e\000s\000s\000\040\000R\000a\000t\000e\000s}{section.5.1}% 97
\BOOKMARK [2][]{subsection.5.1.2}{\376\377\000M\000o\000d\000e\000l\000\040\000S\000p\000e\000c\000i\000f\000i\000c\000\040\000V\000u\000l\000n\000e\000r\000a\000b\000i\000l\000i\000t\000y\000\040\000A\000n\000a\000l\000y\000s\000i\000s}{section.5.1}% 98
\BOOKMARK [2][]{subsection.5.1.3}{\376\377\000T\000e\000m\000p\000e\000r\000a\000t\000u\000r\000e\000\040\000E\000f\000f\000e\000c\000t\000s\000\040\000a\000n\000d\000\040\000S\000t\000a\000t\000i\000s\000t\000i\000c\000a\000l\000\040\000A\000n\000a\000l\000y\000s\000i\000s}{section.5.1}% 99
\BOOKMARK [1][]{section.5.2}{\376\377\000R\000Q\0002\000:\000\040\000B\000a\000n\000g\000l\000a\000\040\000S\000p\000e\000c\000i\000f\000i\000c\000\040\000L\000i\000n\000g\000u\000i\000s\000t\000i\000c\000\040\000P\000a\000t\000t\000e\000r\000n\000s}{chapter.5}% 100
\BOOKMARK [2][]{subsection.5.2.1}{\376\377\000E\000n\000g\000l\000i\000s\000h\000\040\000v\000s\000.\000\040\000B\000a\000n\000g\000l\000a\000\040\000W\000o\000r\000d\000\040\000T\000a\000r\000g\000e\000t\000i\000n\000g}{section.5.2}% 101
\BOOKMARK [2][]{subsection.5.2.2}{\376\377\000C\000o\000d\000e\000M\000i\000x\000i\000n\000g\000\040\000R\000a\000t\000i\000o\000\040\000O\000p\000t\000i\000m\000i\000z\000a\000t\000i\000o\000n}{section.5.2}% 102
\BOOKMARK [2][]{subsection.5.2.3}{\376\377\000P\000e\000r\000t\000u\000r\000b\000a\000t\000i\000o\000n\000\040\000S\000t\000r\000a\000t\000e\000g\000y\000\040\000E\000f\000f\000e\000c\000t\000i\000v\000e\000n\000e\000s\000s}{section.5.2}% 103
\BOOKMARK [1][]{section.5.3}{\376\377\000R\000Q\0003\000:\000\040\000C\000r\000o\000s\000s\000M\000o\000d\000e\000l\000\040\000V\000u\000l\000n\000e\000r\000a\000b\000i\000l\000i\000t\000y\000\040\000A\000s\000s\000e\000s\000s\000m\000e\000n\000t}{chapter.5}% 104
\BOOKMARK [2][]{subsection.5.3.1}{\376\377\000M\000o\000d\000e\000l\000\040\000V\000u\000l\000n\000e\000r\000a\000b\000i\000l\000i\000t\000y\000\040\000H\000i\000e\000r\000a\000r\000c\000h\000y}{section.5.3}% 105
\BOOKMARK [2][]{subsection.5.3.2}{\376\377\000J\000a\000i\000l\000b\000r\000e\000a\000k\000\040\000T\000e\000m\000p\000l\000a\000t\000e\000\040\000A\000n\000a\000l\000y\000s\000i\000s}{section.5.3}% 106
\BOOKMARK [1][]{section.5.4}{\376\377\000R\000Q\0004\000:\000\040\000T\000o\000k\000e\000n\000i\000z\000a\000t\000i\000o\000n\000\040\000M\000e\000c\000h\000a\000n\000i\000s\000m\000\040\000V\000a\000l\000i\000d\000a\000t\000i\000o\000n}{chapter.5}% 107
\BOOKMARK [2][]{subsection.5.4.1}{\376\377\000F\000r\000a\000g\000m\000e\000n\000t\000a\000t\000i\000o\000n\000-\000E\000f\000f\000e\000c\000t\000i\000v\000e\000n\000e\000s\000s\000\040\000C\000o\000r\000r\000e\000l\000a\000t\000i\000o\000n}{section.5.4}% 108
\BOOKMARK [2][]{subsection.5.4.2}{\376\377\000T\000o\000k\000e\000n\000i\000z\000a\000t\000i\000o\000n\000\040\000C\000a\000s\000e\000\040\000S\000t\000u\000d\000y}{section.5.4}% 109
\BOOKMARK [1][]{section.5.5}{\376\377\000C\000o\000m\000p\000a\000r\000i\000s\000o\000n\000\040\000w\000i\000t\000h\000\040\000R\000e\000l\000a\000t\000e\000d\000\040\000W\000o\000r\000k}{chapter.5}% 110
\BOOKMARK [2][]{subsection.5.5.1}{\376\377\000M\000e\000t\000h\000o\000d\000o\000l\000o\000g\000i\000c\000a\000l\000\040\000P\000o\000s\000i\000t\000i\000o\000n\000i\000n\000g}{section.5.5}% 111
\BOOKMARK [2][]{subsection.5.5.2}{\376\377\000M\000u\000l\000t\000i\000l\000i\000n\000g\000u\000a\000l\000\040\000S\000a\000f\000e\000t\000y\000\040\000C\000o\000n\000t\000e\000x\000t}{section.5.5}% 112
\BOOKMARK [1][]{section.5.6}{\376\377\000I\000m\000p\000l\000i\000c\000a\000t\000i\000o\000n\000s\000\040\000a\000n\000d\000\040\000R\000e\000c\000o\000m\000m\000e\000n\000d\000a\000t\000i\000o\000n\000s}{chapter.5}% 113
\BOOKMARK [2][]{subsection.5.6.1}{\376\377\000T\000e\000c\000h\000n\000i\000c\000a\000l\000\040\000R\000e\000c\000o\000m\000m\000e\000n\000d\000a\000t\000i\000o\000n\000s}{section.5.6}% 114
\BOOKMARK [2][]{subsection.5.6.2}{\376\377\000L\000o\000n\000g\000-\000T\000e\000r\000m\000\040\000S\000o\000l\000u\000t\000i\000o\000n\000s}{section.5.6}% 115
\BOOKMARK [2][]{subsection.5.6.3}{\376\377\000E\000q\000u\000i\000t\000y\000\040\000C\000o\000n\000s\000i\000d\000e\000r\000a\000t\000i\000o\000n\000s}{section.5.6}% 116
\BOOKMARK [1][]{section.5.7}{\376\377\000U\000n\000e\000x\000p\000e\000c\000t\000e\000d\000\040\000F\000i\000n\000d\000i\000n\000g\000s}{chapter.5}% 117
\BOOKMARK [2][]{subsection.5.7.1}{\376\377\000T\000e\000m\000p\000l\000a\000t\000e\000\040\000C\000o\000u\000n\000t\000e\000r\000e\000f\000f\000e\000c\000t\000i\000v\000e\000n\000e\000s\000s}{section.5.7}% 118
\BOOKMARK [2][]{subsection.5.7.2}{\376\377\000M\000o\000d\000e\000l\000-\000S\000p\000e\000c\000i\000f\000i\000c\000\040\000V\000u\000l\000n\000e\000r\000a\000b\000i\000l\000i\000t\000y\000\040\000P\000a\000t\000t\000e\000r\000n\000s}{section.5.7}% 119
\BOOKMARK [1][]{section.5.8}{\376\377\000L\000i\000m\000i\000t\000a\000t\000i\000o\000n\000s\000\040\000a\000n\000d\000\040\000F\000u\000t\000u\000r\000e\000\040\000W\000o\000r\000k}{chapter.5}% 120
\BOOKMARK [1][]{section.5.9}{\376\377\000C\000h\000a\000p\000t\000e\000r\000\040\000S\000u\000m\000m\000a\000r\000y}{chapter.5}% 121
\BOOKMARK [0][]{chapter.6}{\376\377\000L\000i\000m\000i\000t\000a\000t\000i\000o\000n\000s}{}% 122
\BOOKMARK [1][]{section.6.1}{\376\377\000D\000a\000t\000a\000s\000e\000t\000\040\000L\000i\000m\000i\000t\000a\000t\000i\000o\000n\000s}{chapter.6}% 123
\BOOKMARK [2][]{subsection.6.1.1}{\376\377\000L\000i\000m\000i\000t\000e\000d\000\040\000P\000r\000o\000m\000p\000t\000\040\000C\000o\000u\000n\000t}{section.6.1}% 124
\BOOKMARK [2][]{subsection.6.1.2}{\376\377\000M\000a\000n\000u\000a\000l\000\040\000C\000o\000d\000e\000M\000i\000x\000i\000n\000g}{section.6.1}% 125
\BOOKMARK [1][]{section.6.2}{\376\377\000M\000o\000d\000e\000l\000\040\000C\000o\000v\000e\000r\000a\000g\000e\000\040\000L\000i\000m\000i\000t\000a\000t\000i\000o\000n\000s}{chapter.6}% 126
\BOOKMARK [2][]{subsection.6.2.1}{\376\377\000L\000i\000m\000i\000t\000e\000d\000\040\000M\000o\000d\000e\000l\000\040\000S\000e\000l\000e\000c\000t\000i\000o\000n}{section.6.2}% 127
\BOOKMARK [2][]{subsection.6.2.2}{\376\377\000M\000o\000d\000e\000l\000\040\000V\000e\000r\000s\000i\000o\000n\000\040\000S\000t\000a\000b\000i\000l\000i\000t\000y}{section.6.2}% 128
\BOOKMARK [1][]{section.6.3}{\376\377\000E\000x\000p\000e\000r\000i\000m\000e\000n\000t\000a\000l\000\040\000D\000e\000s\000i\000g\000n\000\040\000L\000i\000m\000i\000t\000a\000t\000i\000o\000n\000s}{chapter.6}% 129
\BOOKMARK [2][]{subsection.6.3.1}{\376\377\000T\000e\000m\000p\000e\000r\000a\000t\000u\000r\000e\000\040\000S\000e\000t\000t\000i\000n\000g\000s}{section.6.3}% 130
\BOOKMARK [2][]{subsection.6.3.2}{\376\377\000E\000v\000a\000l\000u\000a\000t\000i\000o\000n\000\040\000M\000e\000t\000h\000o\000d\000o\000l\000o\000g\000y}{section.6.3}% 131
\BOOKMARK [1][]{section.6.4}{\376\377\000L\000a\000n\000g\000u\000a\000g\000e\000\040\000S\000p\000e\000c\000i\000f\000i\000c\000\040\000L\000i\000m\000i\000t\000a\000t\000i\000o\000n\000s}{chapter.6}% 132
\BOOKMARK [2][]{subsection.6.4.1}{\376\377\000R\000o\000m\000a\000n\000i\000z\000a\000t\000i\000o\000n\000\040\000V\000a\000r\000i\000a\000t\000i\000o\000n}{section.6.4}% 133
\BOOKMARK [2][]{subsection.6.4.2}{\376\377\000C\000u\000l\000t\000u\000r\000a\000l\000\040\000C\000o\000n\000t\000e\000x\000t}{section.6.4}% 134
\BOOKMARK [1][]{section.6.5}{\376\377\000F\000u\000t\000u\000r\000e\000\040\000W\000o\000r\000k\000\040\000D\000i\000r\000e\000c\000t\000i\000o\000n\000s}{chapter.6}% 135
\BOOKMARK [2][]{subsection.6.5.1}{\376\377\000I\000m\000m\000e\000d\000i\000a\000t\000e\000\040\000E\000x\000t\000e\000n\000s\000i\000o\000n\000s}{section.6.5}% 136
\BOOKMARK [2][]{subsection.6.5.2}{\376\377\000L\000o\000n\000g\000t\000e\000r\000m\000\040\000R\000e\000s\000e\000a\000r\000c\000h}{section.6.5}% 137
\BOOKMARK [0][]{chapter.7}{\376\377\000E\000t\000h\000i\000c\000a\000l\000\040\000C\000o\000n\000s\000i\000d\000e\000r\000a\000t\000i\000o\000n\000s}{}% 138
\BOOKMARK [1][]{section.7.1}{\376\377\000R\000e\000s\000e\000a\000r\000c\000h\000\040\000J\000u\000s\000t\000i\000f\000i\000c\000a\000t\000i\000o\000n}{chapter.7}% 139
\BOOKMARK [2][]{subsection.7.1.1}{\376\377\000A\000I\000\040\000S\000a\000f\000e\000t\000y\000\040\000M\000o\000t\000i\000v\000a\000t\000i\000o\000n}{section.7.1}% 140
\BOOKMARK [2][]{subsection.7.1.2}{\376\377\000D\000u\000a\000l\000U\000s\000e\000\040\000D\000i\000l\000e\000m\000m\000a}{section.7.1}% 141
\BOOKMARK [1][]{section.7.2}{\376\377\000R\000e\000s\000p\000o\000n\000s\000i\000b\000l\000e\000\040\000D\000i\000s\000c\000l\000o\000s\000u\000r\000e}{chapter.7}% 142
\BOOKMARK [2][]{subsection.7.2.1}{\376\377\000V\000e\000n\000d\000o\000r\000\040\000N\000o\000t\000i\000f\000i\000c\000a\000t\000i\000o\000n\000\040\000P\000l\000a\000n}{section.7.2}% 143
\BOOKMARK [2][]{subsection.7.2.2}{\376\377\000D\000a\000t\000a\000s\000e\000t\000\040\000H\000a\000n\000d\000l\000i\000n\000g}{section.7.2}% 144
\BOOKMARK [1][]{section.7.3}{\376\377\000H\000a\000r\000m\000\040\000M\000i\000t\000i\000g\000a\000t\000i\000o\000n\000\040\000S\000t\000r\000a\000t\000e\000g\000i\000e\000s}{chapter.7}% 145
\BOOKMARK [2][]{subsection.7.3.1}{\376\377\000T\000e\000c\000h\000n\000i\000c\000a\000l\000\040\000S\000a\000f\000e\000g\000u\000a\000r\000d\000s}{section.7.3}% 146
\BOOKMARK [2][]{subsection.7.3.2}{\376\377\000D\000i\000s\000c\000l\000o\000s\000u\000r\000e\000\040\000L\000i\000m\000i\000t\000a\000t\000i\000o\000n\000s}{section.7.3}% 147
\BOOKMARK [1][]{section.7.4}{\376\377\000S\000o\000c\000i\000e\000t\000a\000l\000\040\000I\000m\000p\000a\000c\000t\000\040\000C\000o\000n\000s\000i\000d\000e\000r\000a\000t\000i\000o\000n\000s}{chapter.7}% 148
\BOOKMARK [2][]{subsection.7.4.1}{\376\377\000B\000a\000n\000g\000l\000a\000\040\000S\000p\000e\000a\000k\000e\000r\000\040\000E\000q\000u\000i\000t\000y}{section.7.4}% 149
\BOOKMARK [2][]{subsection.7.4.2}{\376\377\000G\000l\000o\000b\000a\000l\000\040\000L\000a\000n\000g\000u\000a\000g\000e\000\040\000J\000u\000s\000t\000i\000c\000e}{section.7.4}% 150
\BOOKMARK [1][]{section.7.5}{\376\377\000I\000n\000s\000t\000i\000t\000u\000t\000i\000o\000n\000a\000l\000\040\000R\000e\000v\000i\000e\000w\000\040\000a\000n\000d\000\040\000C\000o\000m\000p\000l\000i\000a\000n\000c\000e}{chapter.7}% 151
\BOOKMARK [2][]{subsection.7.5.1}{\376\377\000E\000t\000h\000i\000c\000s\000\040\000C\000o\000m\000m\000i\000t\000t\000e\000e\000\040\000R\000e\000v\000i\000e\000w}{section.7.5}% 152
\BOOKMARK [2][]{subsection.7.5.2}{\376\377\000R\000e\000g\000u\000l\000a\000t\000o\000r\000y\000\040\000C\000o\000m\000p\000l\000i\000a\000n\000c\000e}{section.7.5}% 153
\BOOKMARK [1][]{section.7.6}{\376\377\000F\000u\000t\000u\000r\000e\000\040\000R\000e\000s\000e\000a\000r\000c\000h\000\040\000E\000t\000h\000i\000c\000s}{chapter.7}% 154
\BOOKMARK [2][]{subsection.7.6.1}{\376\377\000C\000o\000m\000m\000u\000n\000i\000t\000y\000\040\000E\000n\000g\000a\000g\000e\000m\000e\000n\000t}{section.7.6}% 155
\BOOKMARK [2][]{subsection.7.6.2}{\376\377\000C\000o\000n\000t\000i\000n\000u\000o\000u\000s\000\040\000A\000s\000s\000e\000s\000s\000m\000e\000n\000t}{section.7.6}% 156
\BOOKMARK [1][]{section.7.7}{\376\377\000C\000h\000a\000p\000t\000e\000r\000\040\000S\000u\000m\000m\000a\000r\000y}{chapter.7}% 157
\BOOKMARK [0][]{chapter.8}{\376\377\000C\000o\000n\000c\000l\000u\000s\000i\000o\000n\000\040\000a\000n\000d\000\040\000F\000u\000t\000u\000r\000e\000\040\000W\000o\000r\000k}{}% 158
\BOOKMARK [1][]{section.8.1}{\376\377\000S\000u\000m\000m\000a\000r\000y\000\040\000o\000f\000\040\000C\000o\000n\000t\000r\000i\000b\000u\000t\000i\000o\000n\000s}{chapter.8}% 159
\BOOKMARK [2][]{subsection.8.1.1}{\376\377\000F\000i\000r\000s\000t\000\040\000B\000a\000n\000g\000l\000a\000\040\000C\000o\000d\000e\000M\000i\000x\000i\000n\000g\000\040\000S\000t\000u\000d\000y}{section.8.1}% 160
\BOOKMARK [2][]{subsection.8.1.2}{\376\377\000E\000n\000g\000l\000i\000s\000h\000\040\000W\000o\000r\000d\000\040\000T\000a\000r\000g\000e\000t\000i\000n\000g\000\040\000D\000i\000s\000c\000o\000v\000e\000r\000y}{section.8.1}% 161
\BOOKMARK [2][]{subsection.8.1.3}{\376\377\000T\000e\000m\000p\000l\000a\000t\000e\000\040\000I\000n\000e\000f\000f\000e\000c\000t\000i\000v\000e\000n\000e\000s\000s\000\040\000F\000i\000n\000d\000i\000n\000g}{section.8.1}% 162
\BOOKMARK [2][]{subsection.8.1.4}{\376\377\000T\000o\000k\000e\000n\000i\000z\000a\000t\000i\000o\000n\000\040\000M\000e\000c\000h\000a\000n\000i\000s\000m\000\040\000V\000a\000l\000i\000d\000a\000t\000i\000o\000n}{section.8.1}% 163
\BOOKMARK [2][]{subsection.8.1.5}{\376\377\000S\000c\000a\000l\000a\000b\000l\000e\000\040\000F\000r\000a\000m\000e\000w\000o\000r\000k\000\040\000D\000e\000v\000e\000l\000o\000p\000m\000e\000n\000t}{section.8.1}% 164
\BOOKMARK [1][]{section.8.2}{\376\377\000R\000e\000s\000e\000a\000r\000c\000h\000\040\000Q\000u\000e\000s\000t\000i\000o\000n\000s\000\040\000R\000e\000v\000i\000s\000i\000t\000e\000d}{chapter.8}% 165
\BOOKMARK [2][]{subsection.8.2.1}{\376\377\000R\000Q\0001\000:\000\040\000C\000o\000d\000e\000M\000i\000x\000i\000n\000g\000\040\000E\000f\000f\000e\000c\000t\000i\000v\000e\000n\000e\000s\000s}{section.8.2}% 166
\BOOKMARK [2][]{subsection.8.2.2}{\376\377\000R\000Q\0002\000:\000\040\000B\000a\000n\000g\000l\000a\000\040\000S\000p\000e\000c\000i\000f\000i\000c\000\040\000P\000a\000t\000t\000e\000r\000n\000s}{section.8.2}% 167
\BOOKMARK [2][]{subsection.8.2.3}{\376\377\000R\000Q\0003\000:\000\040\000M\000o\000d\000e\000l\000\040\000V\000u\000l\000n\000e\000r\000a\000b\000i\000l\000i\000t\000y\000\040\000C\000o\000n\000s\000i\000s\000t\000e\000n\000c\000y}{section.8.2}% 168
\BOOKMARK [2][]{subsection.8.2.4}{\376\377\000R\000Q\0004\000:\000\040\000T\000o\000k\000e\000n\000i\000z\000a\000t\000i\000o\000n\000\040\000M\000e\000c\000h\000a\000n\000i\000s\000m}{section.8.2}% 169
\BOOKMARK [1][]{section.8.3}{\376\377\000B\000r\000o\000a\000d\000e\000r\000\040\000I\000m\000p\000l\000i\000c\000a\000t\000i\000o\000n\000s}{chapter.8}% 170
\BOOKMARK [2][]{subsection.8.3.1}{\376\377\000M\000u\000l\000t\000i\000l\000i\000n\000g\000u\000a\000l\000\040\000A\000I\000\040\000S\000a\000f\000e\000t\000y}{section.8.3}% 171
\BOOKMARK [2][]{subsection.8.3.2}{\376\377\000P\000o\000l\000i\000c\000y\000\040\000a\000n\000d\000\040\000G\000o\000v\000e\000r\000n\000a\000n\000c\000e}{section.8.3}% 172
\BOOKMARK [2][]{subsection.8.3.3}{\376\377\000T\000e\000c\000h\000n\000i\000c\000a\000l\000\040\000A\000r\000c\000h\000i\000t\000e\000c\000t\000u\000r\000e}{section.8.3}% 173
\BOOKMARK [1][]{section.8.4}{\376\377\000F\000u\000t\000u\000r\000e\000\040\000R\000e\000s\000e\000a\000r\000c\000h\000\040\000D\000i\000r\000e\000c\000t\000i\000o\000n\000s}{chapter.8}% 174
\BOOKMARK [2][]{subsection.8.4.1}{\376\377\000I\000m\000m\000e\000d\000i\000a\000t\000e\000\040\000E\000x\000t\000e\000n\000s\000i\000o\000n\000s}{section.8.4}% 175
\BOOKMARK [2][]{subsection.8.4.2}{\376\377\000L\000a\000n\000g\000u\000a\000g\000e\000\040\000E\000x\000p\000a\000n\000s\000i\000o\000n}{section.8.4}% 176
\BOOKMARK [2][]{subsection.8.4.3}{\376\377\000D\000e\000f\000e\000n\000s\000e\000\040\000D\000e\000v\000e\000l\000o\000p\000m\000e\000n\000t}{section.8.4}% 177
\BOOKMARK [2][]{subsection.8.4.4}{\376\377\000M\000e\000c\000h\000a\000n\000i\000s\000t\000i\000c\000\040\000U\000n\000d\000e\000r\000s\000t\000a\000n\000d\000i\000n\000g}{section.8.4}% 178
\BOOKMARK [1][]{section.8.5}{\376\377\000F\000i\000n\000a\000l\000\040\000R\000e\000f\000l\000e\000c\000t\000i\000o\000n\000s}{chapter.8}% 179
\BOOKMARK [2][]{subsection.8.5.1}{\376\377\000R\000e\000s\000e\000a\000r\000c\000h\000\040\000I\000m\000p\000a\000c\000t}{section.8.5}% 180
\BOOKMARK [2][]{subsection.8.5.2}{\376\377\000M\000e\000t\000h\000o\000d\000o\000l\000o\000g\000i\000c\000a\000l\000\040\000C\000o\000n\000t\000r\000i\000b\000u\000t\000i\000o\000n\000s}{section.8.5}% 181
\BOOKMARK [2][]{subsection.8.5.3}{\376\377\000E\000t\000h\000i\000c\000a\000l\000\040\000R\000e\000s\000p\000o\000n\000s\000i\000b\000i\000l\000i\000t\000y}{section.8.5}% 182
\BOOKMARK [2][]{subsection.8.5.4}{\376\377\000C\000a\000l\000l\000\040\000t\000o\000\040\000A\000c\000t\000i\000o\000n}{section.8.5}% 183
\BOOKMARK [1][]{section.8.6}{\376\377\000C\000l\000o\000s\000i\000n\000g\000\040\000S\000t\000a\000t\000e\000m\000e\000n\000t}{chapter.8}% 184
\BOOKMARK [0][]{chapter*.26}{\376\377\000R\000e\000f\000e\000r\000e\000n\000c\000e\000s}{}% 185
